<?xml version="1.0" encoding="UTF-8"?>
<!-- Generated by org.testng.reporters.JUnitReportReporter -->
<testsuite hostname="LP-PF3HRZX1" failures="0" tests="1" name="com.asian.testcases.Calculator" time="25.851" errors="0" timestamp="2023-01-29T22:13:12 IST" skipped="0">
  <testcase classname="com.asian.testcases.Calculator" name="testHoverOver" time="25.851"/>
  <system-out/>
</testsuite> <!-- com.asian.testcases.Calculator -->
