<?xml version="1.0" encoding="UTF-8"?>
<!-- Generated by org.testng.reporters.JUnitReportReporter -->
<testsuite hostname="LP-PF3HRZX1" failures="0" tests="1" name="com.asian.testcases.Wallpapers" time="21.390" errors="0" timestamp="2023-02-03T17:32:49 IST" skipped="0">
  <testcase classname="com.asian.testcases.Wallpapers" name="testHoverOver" time="21.390"/>
  <system-out/>
</testsuite> <!-- com.asian.testcases.Wallpapers -->
