<?xml version="1.0" encoding="UTF-8"?>
<!-- Generated by org.testng.reporters.JUnitReportReporter -->
<testsuite hostname="LP-PF3HRZX1" failures="0" tests="1" name="com.asian.testcases.Enquire" time="29.888" errors="0" timestamp="2023-02-03T20:28:29 IST" skipped="0">
  <testcase classname="com.asian.testcases.Enquire" name="EnqTest" time="29.888"/>
  <system-out/>
</testsuite> <!-- com.asian.testcases.Enquire -->
