<?xml version="1.0" encoding="UTF-8"?>
<!-- Generated by org.testng.reporters.JUnitReportReporter -->
<testsuite hostname="LP-PF3HRZX1" failures="0" tests="1" name="com.asian.testcases.Exterior" time="18.303" errors="0" timestamp="2023-01-29T22:24:50 IST" skipped="0">
  <testcase classname="com.asian.testcases.Exterior" name="testHoverOver" time="18.303"/>
  <system-out/>
</testsuite> <!-- com.asian.testcases.Exterior -->
