<?xml version="1.0" encoding="UTF-8"?>
<!-- Generated by org.testng.reporters.JUnitReportReporter -->
<testsuite hostname="LP-PF3HRZX1" failures="0" tests="1" name="com.asian.testcases.Suggestions" time="27.855" errors="0" timestamp="2023-01-29T22:33:00 IST" skipped="0">
  <testcase classname="com.asian.testcases.Suggestions" name="testHoverOver" time="27.855"/>
  <system-out/>
</testsuite> <!-- com.asian.testcases.Suggestions -->
