<?xml version="1.0" encoding="UTF-8"?>
<!-- Generated by org.testng.reporters.JUnitReportReporter -->
<testsuite hostname="LP-PF3HRZX1" failures="0" tests="1" name="com.asian.testcases.Tittle" time="4.849" errors="0" timestamp="2023-01-29T22:33:52 IST" skipped="0">
  <testcase classname="com.asian.testcases.Tittle" name="testHomepageTitle" time="4.849"/>
  <system-out/>
</testsuite> <!-- com.asian.testcases.Tittle -->
