<?xml version="1.0" encoding="UTF-8"?>
<!-- Generated by org.testng.reporters.JUnitReportReporter -->
<testsuite hostname="LP-PF3HRZX1" failures="0" tests="1" name="com.asian.testcases.LoginInv" time="22.926" errors="0" timestamp="2023-01-29T22:31:40 IST" skipped="0">
  <testcase classname="com.asian.testcases.LoginInv" name="signInTest" time="22.926"/>
  <system-out/>
</testsuite> <!-- com.asian.testcases.LoginInv -->
