<?xml version="1.0" encoding="UTF-8"?>
<!-- Generated by org.testng.reporters.JUnitReportReporter -->
<testsuite hostname="LP-PF3HRZX1" failures="0" tests="1" name="com.asian.testcases.Contractor" time="25.040" errors="0" timestamp="2023-01-29T22:23:42 IST" skipped="0">
  <testcase classname="com.asian.testcases.Contractor" name="LoginTest" time="25.040"/>
  <system-out/>
</testsuite> <!-- com.asian.testcases.Contractor -->
