<?xml version="1.0" encoding="UTF-8"?>
<!-- Generated by org.testng.reporters.JUnitReportReporter -->
<testsuite hostname="LP-PF3HRZX1" failures="0" tests="1" name="com.asian.testcases.Login" time="24.566" errors="0" timestamp="2023-02-03T20:05:18 IST" skipped="0">
  <testcase classname="com.asian.testcases.Login" name="LoginTest" time="24.566"/>
  <system-out/>
</testsuite> <!-- com.asian.testcases.Login -->
