<?xml version="1.0" encoding="UTF-8"?>
<!-- Generated by org.testng.reporters.JUnitReportReporter -->
<testsuite hostname="LP-PF3HRZX1" failures="0" tests="1" name="com.asian.testcases.Addtocart" time="45.999" errors="0" timestamp="2023-02-05T10:05:03 IST" skipped="0">
  <testcase classname="com.asian.testcases.Addtocart" name="addTocart" time="45.999"/>
  <system-out/>
</testsuite> <!-- com.asian.testcases.Addtocart -->
