<?xml version="1.0" encoding="UTF-8"?>
<!-- Generated by org.testng.reporters.JUnitReportReporter -->
<testsuite hostname="LP-PF3HRZX1" failures="0" tests="1" name="com.asian.testcases.Interior" time="18.773" errors="0" timestamp="2023-01-29T22:29:04 IST" skipped="0">
  <testcase classname="com.asian.testcases.Interior" name="testHoverOver" time="18.773"/>
  <system-out/>
</testsuite> <!-- com.asian.testcases.Interior -->
