<?xml version="1.0" encoding="UTF-8"?>
<!-- Generated by org.testng.reporters.JUnitReportReporter -->
<testsuite hostname="LP-PF3HRZX1" failures="0" tests="1" name="com.asian.testcases.Wood" time="24.428" errors="0" timestamp="2023-01-29T22:38:25 IST" skipped="0">
  <testcase classname="com.asian.testcases.Wood" name="testHoverOver" time="24.428"/>
  <system-out/>
</testsuite> <!-- com.asian.testcases.Wood -->
