<?xml version="1.0" encoding="UTF-8"?>
<!-- Generated by org.testng.reporters.JUnitReportReporter -->
<testsuite hostname="LP-PF3HRZX1" failures="0" tests="1" name="com.asian.testcases.App" time="23.086" errors="0" timestamp="2023-02-03T19:49:20 IST" skipped="0">
  <testcase classname="com.asian.testcases.App" name="sendSMS" time="23.086"/>
  <system-out/>
</testsuite> <!-- com.asian.testcases.App -->
