<?xml version="1.0" encoding="UTF-8"?>
<!-- Generated by org.testng.reporters.JUnitReportReporter -->
<testsuite hostname="LP-PF3HRZX1" failures="0" tests="1" name="com.asian.testcases.ColSel" time="45.236" errors="0" timestamp="2023-02-03T20:53:45 IST" skipped="0">
  <testcase classname="com.asian.testcases.ColSel" name="SearchTest" time="45.236"/>
  <system-out/>
</testsuite> <!-- com.asian.testcases.ColSel -->
