<?xml version="1.0" encoding="UTF-8"?>
<!-- Generated by org.testng.reporters.JUnitReportReporter -->
<testsuite hostname="LP-PF3HRZX1" failures="0" tests="1" name="com.asian.testcases.BuyNow" time="34.783" errors="0" timestamp="2023-01-29T22:12:14 IST" skipped="0">
  <testcase classname="com.asian.testcases.BuyNow" name="addTocart" time="34.783"/>
  <system-out/>
</testsuite> <!-- com.asian.testcases.BuyNow -->
